{"level":"debug","datetime":"2023-09-17T16:06:58.303Z","message":"HSM raw data","data":[{"stat":"Ok","type":"cn","msg":"successful","stCode":200}],"functionName":"conversion"}
{"level":"debug","datetime":"2023-09-17T16:06:58.308Z","message":"HSM raw data","data":[{"stat":"Ok","type":"sub","msg":"successful","stCode":200}],"functionName":"conversion"}
{"level":"debug","datetime":"2023-09-17T16:06:58.308Z","message":"HSM raw data","data":[{"stat":"Ok","type":"lit","msg":"successful","stCode":200}],"functionName":"conversion"}
{"level":"debug","datetime":"2023-09-17T16:06:58.310Z","message":"HSM raw data","data":[{"stat":"Ok","type":"cr","msg":"successful","stCode":200}],"functionName":"conversion"}
{"level":"debug","datetime":"2023-09-17T16:06:58.310Z","message":"HSM raw data","data":[{"stat":"Ok","type":"cp","msg":"successful","stCode":200}],"functionName":"conversion"}
{"level":"debug","datetime":"2023-09-17T16:06:58.311Z","message":"HSM raw data","data":[{"bp":11.1,"bp1":0,"bp2":0,"bp3":0,"bp4":0,"sp":0,"sp1":0,"sp2":0,"sp3":0,"sp4":0,"bq":6,"bq1":0,"bq2":0,"bq3":0,"bq4":0,"bs":0,"bs1":0,"bs2":0,"bs3":0,"bs4":0,"bno1":6,"bno2":0,"bno3":0,"bno4":0,"bno5":0,"sno1":0,"sno2":0,"sno3":0,"sno4":0,"sno5":0,"ts":"IDEA-EQ","name":"dp","tk":"14366","e":"nse_cm"}],"functionName":"conversion"}
{"level":"debug","datetime":"2023-09-17T16:06:59.031Z","message":"HSM raw data","data":[{"stat":"Ok","type":"sub","msg":"successful","stCode":200}],"functionName":"conversion"}
{"level":"debug","datetime":"2023-09-17T16:06:59.034Z","message":"HSM raw data","data":[{"stat":"Ok","type":"sub","msg":"successful","stCode":200}],"functionName":"conversion"}
{"level":"debug","datetime":"2023-09-17T16:06:59.102Z","message":"HSM raw data","data":[{"ltp":3850,"v":154447,"ltt":1694861715,"fdtm":1694862680,"bq":0,"bs":0,"bp":0,"sp":0,"ltq":2,"tbq":0,"tsq":0,"ap":3792.48,"lo":3238.5,"h":3958.1,"yh":3958.1,"yl":2926.1,"lcl":3238.5,"ucl":3958.1,"op":3900,"c":3598.3,"cng":251.7,"nc":6.99,"to":58573715856,"ts":"TCS-EQ","name":"sf","tk":"11536","e":"nse_cm"},{"iv":20499.9,"ic":20192.35,"tvalue":1694864061,"highPrice":21408.25,"lowPrice":18926.4,"openingPrice":20643.15,"cng":307.55,"nc":1.52,"ts":"Nifty 50","name":"if","tk":"Nifty 50","e":"nse_cm"}],"functionName":"conversion"}
{"level":"debug","datetime":"2023-09-17T16:26:12.800Z","message":"HSM raw data","data":[{"stat":"Ok","type":"cn","msg":"successful","stCode":200}],"functionName":"conversion"}
{"level":"debug","datetime":"2023-09-17T16:26:12.802Z","message":"HSM raw data","data":[{"stat":"Ok","type":"lit","msg":"successful","stCode":200}],"functionName":"conversion"}
{"level":"debug","datetime":"2023-09-17T16:26:13.515Z","message":"HSM raw data","data":[{"stat":"Ok","type":"sub","msg":"successful","stCode":200}],"functionName":"conversion"}
{"level":"debug","datetime":"2023-09-17T16:26:13.516Z","message":"HSM raw data","data":[{"stat":"Ok","type":"sub","msg":"successful","stCode":200}],"functionName":"conversion"}
{"level":"debug","datetime":"2023-09-17T16:26:13.614Z","message":"HSM raw data","data":[{"stat":"Ok","type":"sub","msg":"successful","stCode":200}],"functionName":"conversion"}
{"level":"debug","datetime":"2023-09-17T16:26:13.619Z","message":"HSM raw data","data":[{"bp":11.1,"bp1":0,"bp2":0,"bp3":0,"bp4":0,"sp":0,"sp1":0,"sp2":0,"sp3":0,"sp4":0,"bq":6,"bq1":0,"bq2":0,"bq3":0,"bq4":0,"bs":0,"bs1":0,"bs2":0,"bs3":0,"bs4":0,"bno1":6,"bno2":0,"bno3":0,"bno4":0,"bno5":0,"sno1":0,"sno2":0,"sno3":0,"sno4":0,"sno5":0,"ts":"IDEA-EQ","name":"dp","tk":"14366","e":"nse_cm"},{"ltp":3850,"v":154447,"ltt":1694861715,"fdtm":1694862680,"bq":0,"bs":0,"bp":0,"sp":0,"ltq":2,"tbq":0,"tsq":0,"ap":3792.48,"lo":3238.5,"h":3958.1,"yh":3958.1,"yl":2926.1,"lcl":3238.5,"ucl":3958.1,"op":3900,"c":3598.3,"cng":251.7,"nc":6.99,"to":58573715856,"ts":"TCS-EQ","name":"sf","tk":"11536","e":"nse_cm"},{"iv":20499.9,"ic":20192.35,"tvalue":1694864061,"highPrice":21408.25,"lowPrice":18926.4,"openingPrice":20643.15,"cng":307.55,"nc":1.52,"ts":"Nifty 50","name":"if","tk":"Nifty 50","e":"nse_cm"}],"functionName":"conversion"}
{"level":"debug","datetime":"2023-09-17T16:59:55.918Z","message":"HSM raw data","data":[{"stat":"Ok","type":"cn","msg":"successful","stCode":200}],"functionName":"conversion"}
{"level":"debug","datetime":"2023-09-17T16:59:55.923Z","message":"HSM raw data","data":[{"stat":"Ok","type":"lit","msg":"successful","stCode":200}],"functionName":"conversion"}
{"level":"debug","datetime":"2023-09-17T16:59:58.743Z","message":"HSM raw data","data":[{"stat":"Ok","type":"sub","msg":"successful","stCode":200}],"functionName":"conversion"}
{"level":"debug","datetime":"2023-09-17T16:59:58.746Z","message":"HSM raw data","data":[{"stat":"Ok","type":"cp","msg":"successful","stCode":200}],"functionName":"conversion"}
{"level":"debug","datetime":"2023-09-17T16:59:58.747Z","message":"HSM raw data","data":[{"stat":"Ok","type":"cr","msg":"successful","stCode":200}],"functionName":"conversion"}
{"level":"debug","datetime":"2023-09-17T16:59:58.749Z","message":"HSM raw data","data":[{"stat":"Ok","type":"sub","msg":"successful","stCode":200}],"functionName":"conversion"}
{"level":"debug","datetime":"2023-09-17T16:59:58.751Z","message":"HSM raw data","data":[{"stat":"Ok","type":"sub","msg":"successful","stCode":200}],"functionName":"conversion"}
{"level":"debug","datetime":"2023-09-17T16:59:58.767Z","message":"HSM raw data","data":[{"bp":0,"bp1":0,"bp2":0,"bp3":0,"bp4":0,"sp":0,"sp1":0,"sp2":0,"sp3":0,"sp4":0,"bq":0,"bq1":0,"bq2":0,"bq3":0,"bq4":0,"bs":0,"bs1":0,"bs2":0,"bs3":0,"bs4":0,"bno1":0,"bno2":0,"bno3":0,"bno4":0,"bno5":0,"sno1":0,"sno2":0,"sno3":0,"sno4":0,"sno5":0,"ts":"BANKNIFTY20SEP23C46100","name":"dp","tk":"50144","e":"nse_fo"},{"ltp":3850,"v":154447,"ltt":1694861715,"fdtm":1694862680,"bq":0,"bs":0,"bp":0,"sp":0,"ltq":2,"tbq":0,"tsq":0,"ap":3792.48,"lo":3238.5,"h":3958.1,"yh":3958.1,"yl":2926.1,"lcl":3238.5,"ucl":3958.1,"op":3900,"c":3598.3,"cng":251.7,"nc":6.99,"to":58573715856,"ts":"TCS-EQ","name":"sf","tk":"11536","e":"nse_cm"},{"iv":20499.9,"ic":20192.35,"tvalue":1694864061,"highPrice":21408.25,"lowPrice":18926.4,"openingPrice":20643.15,"cng":307.55,"nc":1.52,"ts":"Nifty 50","name":"if","tk":"Nifty 50","e":"nse_cm"}],"functionName":"conversion"}
{"level":"debug","datetime":"2023-09-17T17:01:14.921Z","message":"HSM raw data","data":[{"stat":"Ok","type":"lit","msg":"successful","stCode":200}],"functionName":"conversion"}
{"level":"debug","datetime":"2023-09-17T17:01:14.916Z","message":"HSM raw data","data":[{"stat":"Ok","type":"cn","msg":"successful","stCode":200}],"functionName":"conversion"}
{"level":"debug","datetime":"2023-09-17T17:01:15.925Z","message":"HSM raw data","data":[{"stat":"Ok","type":"sub","msg":"successful","stCode":200}],"functionName":"conversion"}
{"level":"debug","datetime":"2023-09-17T17:01:15.927Z","message":"HSM raw data","data":[{"stat":"Ok","type":"cp","msg":"successful","stCode":200}],"functionName":"conversion"}
{"level":"debug","datetime":"2023-09-17T17:01:15.928Z","message":"HSM raw data","data":[{"stat":"Ok","type":"cr","msg":"successful","stCode":200}],"functionName":"conversion"}
{"level":"debug","datetime":"2023-09-17T17:01:15.996Z","message":"HSM raw data","data":[{"stat":"Ok","type":"sub","msg":"successful","stCode":200}],"functionName":"conversion"}
{"level":"debug","datetime":"2023-09-17T17:01:16.019Z","message":"HSM raw data","data":[{"ltp":275,"v":0,"ltt":1694771999,"fdtm":1694856544,"bq":0,"bs":0,"bp":0,"sp":0,"ltq":15,"tbq":0,"tsq":0,"ap":0,"lo":0,"h":0,"lcl":0.05,"ucl":1420.4,"op":0,"c":302.15,"cng":-27.15,"nc":-8.99,"to":0,"ts":"BANKNIFTY20SEP23C46100","name":"sf","tk":"50144","e":"nse_fo"},{"bp":0,"bp1":0,"bp2":0,"bp3":0,"bp4":0,"sp":0,"sp1":0,"sp2":0,"sp3":0,"sp4":0,"bq":0,"bq1":0,"bq2":0,"bq3":0,"bq4":0,"bs":0,"bs1":0,"bs2":0,"bs3":0,"bs4":0,"bno1":0,"bno2":0,"bno3":0,"bno4":0,"bno5":0,"sno1":0,"sno2":0,"sno3":0,"sno4":0,"sno5":0,"ts":"BANKNIFTY20SEP23C46100","name":"dp","tk":"50144","e":"nse_fo"},{"bp":11.1,"bp1":0,"bp2":0,"bp3":0,"bp4":0,"sp":0,"sp1":0,"sp2":0,"sp3":0,"sp4":0,"bq":6,"bq1":0,"bq2":0,"bq3":0,"bq4":0,"bs":0,"bs1":0,"bs2":0,"bs3":0,"bs4":0,"bno1":6,"bno2":0,"bno3":0,"bno4":0,"bno5":0,"sno1":0,"sno2":0,"sno3":0,"sno4":0,"sno5":0,"ts":"IDEA-EQ","name":"dp","tk":"14366","e":"nse_cm"},{"ltp":3850,"v":154447,"ltt":1694861715,"fdtm":1694862680,"bq":0,"bs":0,"bp":0,"sp":0,"ltq":2,"tbq":0,"tsq":0,"ap":3792.48,"lo":3238.5,"h":3958.1,"yh":3958.1,"yl":2926.1,"lcl":3238.5,"ucl":3958.1,"op":3900,"c":3598.3,"cng":251.7,"nc":6.99,"to":58573715856,"ts":"TCS-EQ","name":"sf","tk":"11536","e":"nse_cm"},{"iv":20499.9,"ic":20192.35,"tvalue":1694864061,"highPrice":21408.25,"lowPrice":18926.4,"openingPrice":20643.15,"cng":307.55,"nc":1.52,"ts":"Nifty 50","name":"if","tk":"Nifty 50","e":"nse_cm"}],"functionName":"conversion"}
{"level":"debug","datetime":"2023-09-17T17:01:16.000Z","message":"HSM raw data","data":[{"stat":"Ok","type":"sub","msg":"successful","stCode":200}],"functionName":"conversion"}
